Drill report for SQUIM_v02.kicad_pcb
Created on 2024-11-07T16:31:04+0100

Copper Layer Stackup:
    =============================================================
    L1 :  F.Cu                      front
    L2 :  B.Cu                      back


Drill file 'SQUIM_v02-PTH.drl' contains
    plated through holes:
    =============================================================
    T1  0.300mm  0.0118"  (109 holes)
    T2  0.600mm  0.0236"  (1 hole)  (with 1 slot)
    T3  0.750mm  0.0295"  (2 holes)
    T4  1.000mm  0.0394"  (54 holes)
    T5  1.100mm  0.0433"  (180 holes)
    T6  1.300mm  0.0512"  (4 holes)
    T7  1.500mm  0.0591"  (3 holes)  (with 3 slots)

    Total plated holes count 353


Drill file 'SQUIM_v02-NPTH.drl' contains
    unplated through holes:
    =============================================================
    T1  1.850mm  0.0728"  (2 holes)
    T2  2.200mm  0.0866"  (4 holes)

    Total unplated holes count 6
